[2018-03-20 14:37:50] db_error.CRITICAL 4056 76aa62b: SQL Error: You have an error in your SQL syntax; check the manual that corresponds to your MySQL server version for the right syntax to use near ')' at line 1 at /var/www/profimaster/framework/classes/engine/MapperORM.class.php line 194<br>
Array
(
    [code] => 1064
    [message] => You have an error in your SQL syntax; check the manual that corresponds to your MySQL server version for the right syntax to use near ')' at line 1
    [query] => SELECT t.* FROM pm_ydirect_geo t  WHERE 1=1  and t.`id` in (  )     
    [context] => /var/www/profimaster/framework/classes/engine/MapperORM.class.php line 194
)
 []
[2018-03-20 14:37:50] db_error.CRITICAL 4056 76aa62b: SQL Error: You have an error in your SQL syntax; check the manual that corresponds to your MySQL server version for the right syntax to use near ')   WHERE 1=1  and t.`status`  =  'publish'  and t.master_id is NULL   ORDER BY ' at line 4 at /var/www/profimaster/framework/classes/engine/MapperORM.class.php line 194<br>
Array
(
    [code] => 1064
    [message] => You have an error in your SQL syntax; check the manual that corresponds to your MySQL server version for the right syntax to use near ')   WHERE 1=1  and t.`status`  =  'publish'  and t.master_id is NULL   ORDER BY ' at line 4
    [query] => SELECT t.*, fc.count_favourite FROM pm_freelancer_order t  LEFT JOIN (SELECT f.target_id, count(*) as count_favourite FROM pm_favourite as f WHERE f.target_type = 'order' GROUP BY f.target_id) as fc ON fc.target_id = t.id  JOIN pm_ydirect_geo_target geo ON
                                            t.`id` = geo.target_id and
                                            geo.target_type = 'order' and
                                            geo.geo_id IN (  )   WHERE 1=1  and t.`status`  =  'publish'  and t.master_id is NULL   ORDER BY  t.`fire` desc LIMIT 0, 5 
    [context] => /var/www/profimaster/framework/classes/engine/MapperORM.class.php line 194
)
 []
[2018-03-20 15:52:35] db_error.CRITICAL 2111 0ce068f: SQL Error: You have an error in your SQL syntax; check the manual that corresponds to your MySQL server version for the right syntax to use near ')' at line 1 at /var/www/profimaster/framework/classes/engine/MapperORM.class.php line 194<br>
Array
(
    [code] => 1064
    [message] => You have an error in your SQL syntax; check the manual that corresponds to your MySQL server version for the right syntax to use near ')' at line 1
    [query] => SELECT t.* FROM pm_ydirect_geo t  WHERE 1=1  and t.`id` in (  )     
    [context] => /var/www/profimaster/framework/classes/engine/MapperORM.class.php line 194
)
 []
[2018-03-20 15:52:35] db_error.CRITICAL 2111 0ce068f: SQL Error: You have an error in your SQL syntax; check the manual that corresponds to your MySQL server version for the right syntax to use near ')   WHERE 1=1  and t.`status`  =  'publish'  and t.master_id is NULL   ORDER BY ' at line 4 at /var/www/profimaster/framework/classes/engine/MapperORM.class.php line 194<br>
Array
(
    [code] => 1064
    [message] => You have an error in your SQL syntax; check the manual that corresponds to your MySQL server version for the right syntax to use near ')   WHERE 1=1  and t.`status`  =  'publish'  and t.master_id is NULL   ORDER BY ' at line 4
    [query] => SELECT t.*, fc.count_favourite FROM pm_freelancer_order t  LEFT JOIN (SELECT f.target_id, count(*) as count_favourite FROM pm_favourite as f WHERE f.target_type = 'order' GROUP BY f.target_id) as fc ON fc.target_id = t.id  JOIN pm_ydirect_geo_target geo ON
                                            t.`id` = geo.target_id and
                                            geo.target_type = 'order' and
                                            geo.geo_id IN (  )   WHERE 1=1  and t.`status`  =  'publish'  and t.master_id is NULL   ORDER BY  t.`fire` desc LIMIT 0, 5 
    [context] => /var/www/profimaster/framework/classes/engine/MapperORM.class.php line 194
)
 []
[2018-03-20 17:29:08] db_error.CRITICAL 5702 58680a3: SQL Error: You have an error in your SQL syntax; check the manual that corresponds to your MySQL server version for the right syntax to use near ')' at line 1 at /var/www/profimaster/framework/classes/engine/MapperORM.class.php line 194<br>
Array
(
    [code] => 1064
    [message] => You have an error in your SQL syntax; check the manual that corresponds to your MySQL server version for the right syntax to use near ')' at line 1
    [query] => SELECT t.* FROM pm_ydirect_geo t  WHERE 1=1  and t.`id` in (  )     
    [context] => /var/www/profimaster/framework/classes/engine/MapperORM.class.php line 194
)
 []
[2018-03-20 17:29:08] db_error.CRITICAL 5702 58680a3: SQL Error: You have an error in your SQL syntax; check the manual that corresponds to your MySQL server version for the right syntax to use near ')   WHERE 1=1  and t.`status`  =  'publish'  and t.master_id is NULL   ORDER BY ' at line 4 at /var/www/profimaster/framework/classes/engine/MapperORM.class.php line 194<br>
Array
(
    [code] => 1064
    [message] => You have an error in your SQL syntax; check the manual that corresponds to your MySQL server version for the right syntax to use near ')   WHERE 1=1  and t.`status`  =  'publish'  and t.master_id is NULL   ORDER BY ' at line 4
    [query] => SELECT t.*, fc.count_favourite FROM pm_freelancer_order t  LEFT JOIN (SELECT f.target_id, count(*) as count_favourite FROM pm_favourite as f WHERE f.target_type = 'order' GROUP BY f.target_id) as fc ON fc.target_id = t.id  JOIN pm_ydirect_geo_target geo ON
                                            t.`id` = geo.target_id and
                                            geo.target_type = 'order' and
                                            geo.geo_id IN (  )   WHERE 1=1  and t.`status`  =  'publish'  and t.master_id is NULL   ORDER BY  t.`fire` desc LIMIT 0, 5 
    [context] => /var/www/profimaster/framework/classes/engine/MapperORM.class.php line 194
)
 []
[2018-03-20 18:10:28] db_error.CRITICAL 6061 0edf701: SQL Error: You have an error in your SQL syntax; check the manual that corresponds to your MySQL server version for the right syntax to use near ')' at line 1 at /var/www/profimaster/framework/classes/engine/MapperORM.class.php line 194<br>
Array
(
    [code] => 1064
    [message] => You have an error in your SQL syntax; check the manual that corresponds to your MySQL server version for the right syntax to use near ')' at line 1
    [query] => SELECT t.* FROM pm_ydirect_geo t  WHERE 1=1  and t.`id` in (  )     
    [context] => /var/www/profimaster/framework/classes/engine/MapperORM.class.php line 194
)
 []
[2018-03-20 18:10:28] db_error.CRITICAL 6061 0edf701: SQL Error: You have an error in your SQL syntax; check the manual that corresponds to your MySQL server version for the right syntax to use near ')   WHERE 1=1  and t.`status`  =  'publish'  and t.master_id is NULL   ORDER BY ' at line 4 at /var/www/profimaster/framework/classes/engine/MapperORM.class.php line 194<br>
Array
(
    [code] => 1064
    [message] => You have an error in your SQL syntax; check the manual that corresponds to your MySQL server version for the right syntax to use near ')   WHERE 1=1  and t.`status`  =  'publish'  and t.master_id is NULL   ORDER BY ' at line 4
    [query] => SELECT t.*, fc.count_favourite FROM pm_freelancer_order t  LEFT JOIN (SELECT f.target_id, count(*) as count_favourite FROM pm_favourite as f WHERE f.target_type = 'order' GROUP BY f.target_id) as fc ON fc.target_id = t.id  JOIN pm_ydirect_geo_target geo ON
                                            t.`id` = geo.target_id and
                                            geo.target_type = 'order' and
                                            geo.geo_id IN (  )   WHERE 1=1  and t.`status`  =  'publish'  and t.master_id is NULL   ORDER BY  t.`fire` desc LIMIT 0, 5 
    [context] => /var/www/profimaster/framework/classes/engine/MapperORM.class.php line 194
)
 []
[2018-03-20 18:23:40] db_error.CRITICAL 6364 2dc16f2: SQL Error: You have an error in your SQL syntax; check the manual that corresponds to your MySQL server version for the right syntax to use near ')' at line 1 at /var/www/profimaster/framework/classes/engine/MapperORM.class.php line 194<br>
Array
(
    [code] => 1064
    [message] => You have an error in your SQL syntax; check the manual that corresponds to your MySQL server version for the right syntax to use near ')' at line 1
    [query] => SELECT t.* FROM pm_ydirect_geo t  WHERE 1=1  and t.`id` in (  )     
    [context] => /var/www/profimaster/framework/classes/engine/MapperORM.class.php line 194
)
 []
[2018-03-20 18:23:40] db_error.CRITICAL 6364 2dc16f2: SQL Error: You have an error in your SQL syntax; check the manual that corresponds to your MySQL server version for the right syntax to use near ')   WHERE 1=1  and t.`status`  =  'publish'  and t.master_id is NULL   ORDER BY ' at line 4 at /var/www/profimaster/framework/classes/engine/MapperORM.class.php line 194<br>
Array
(
    [code] => 1064
    [message] => You have an error in your SQL syntax; check the manual that corresponds to your MySQL server version for the right syntax to use near ')   WHERE 1=1  and t.`status`  =  'publish'  and t.master_id is NULL   ORDER BY ' at line 4
    [query] => SELECT t.*, fc.count_favourite FROM pm_freelancer_order t  LEFT JOIN (SELECT f.target_id, count(*) as count_favourite FROM pm_favourite as f WHERE f.target_type = 'order' GROUP BY f.target_id) as fc ON fc.target_id = t.id  JOIN pm_ydirect_geo_target geo ON
                                            t.`id` = geo.target_id and
                                            geo.target_type = 'order' and
                                            geo.geo_id IN (  )   WHERE 1=1  and t.`status`  =  'publish'  and t.master_id is NULL   ORDER BY  t.`fire` desc LIMIT 0, 5 
    [context] => /var/www/profimaster/framework/classes/engine/MapperORM.class.php line 194
)
 []
[2018-03-20 18:36:28] db_error.CRITICAL 8167 fc81d02: SQL Error: You have an error in your SQL syntax; check the manual that corresponds to your MySQL server version for the right syntax to use near ')' at line 1 at /var/www/profimaster/framework/classes/engine/MapperORM.class.php line 194<br>
Array
(
    [code] => 1064
    [message] => You have an error in your SQL syntax; check the manual that corresponds to your MySQL server version for the right syntax to use near ')' at line 1
    [query] => SELECT t.* FROM pm_ydirect_geo t  WHERE 1=1  and t.`id` in (  )     
    [context] => /var/www/profimaster/framework/classes/engine/MapperORM.class.php line 194
)
 []
[2018-03-20 18:36:28] db_error.CRITICAL 8167 fc81d02: SQL Error: You have an error in your SQL syntax; check the manual that corresponds to your MySQL server version for the right syntax to use near ')   WHERE 1=1  and t.`status`  =  'publish'  and t.master_id is NULL   ORDER BY ' at line 4 at /var/www/profimaster/framework/classes/engine/MapperORM.class.php line 194<br>
Array
(
    [code] => 1064
    [message] => You have an error in your SQL syntax; check the manual that corresponds to your MySQL server version for the right syntax to use near ')   WHERE 1=1  and t.`status`  =  'publish'  and t.master_id is NULL   ORDER BY ' at line 4
    [query] => SELECT t.*, fc.count_favourite FROM pm_freelancer_order t  LEFT JOIN (SELECT f.target_id, count(*) as count_favourite FROM pm_favourite as f WHERE f.target_type = 'order' GROUP BY f.target_id) as fc ON fc.target_id = t.id  JOIN pm_ydirect_geo_target geo ON
                                            t.`id` = geo.target_id and
                                            geo.target_type = 'order' and
                                            geo.geo_id IN (  )   WHERE 1=1  and t.`status`  =  'publish'  and t.master_id is NULL   ORDER BY  t.`fire` desc LIMIT 0, 5 
    [context] => /var/www/profimaster/framework/classes/engine/MapperORM.class.php line 194
)
 []
[2018-03-20 18:36:40] db_error.CRITICAL 8157 4522faa: SQL Error: You have an error in your SQL syntax; check the manual that corresponds to your MySQL server version for the right syntax to use near ')' at line 1 at /var/www/profimaster/framework/classes/engine/MapperORM.class.php line 194<br>
Array
(
    [code] => 1064
    [message] => You have an error in your SQL syntax; check the manual that corresponds to your MySQL server version for the right syntax to use near ')' at line 1
    [query] => SELECT t.* FROM pm_ydirect_geo t  WHERE 1=1  and t.`id` in (  )     
    [context] => /var/www/profimaster/framework/classes/engine/MapperORM.class.php line 194
)
 []
[2018-03-20 18:36:40] db_error.CRITICAL 8157 4522faa: SQL Error: You have an error in your SQL syntax; check the manual that corresponds to your MySQL server version for the right syntax to use near ')   WHERE 1=1  and t.`status`  =  'publish'  and t.master_id is NULL   ORDER BY ' at line 4 at /var/www/profimaster/framework/classes/engine/MapperORM.class.php line 194<br>
Array
(
    [code] => 1064
    [message] => You have an error in your SQL syntax; check the manual that corresponds to your MySQL server version for the right syntax to use near ')   WHERE 1=1  and t.`status`  =  'publish'  and t.master_id is NULL   ORDER BY ' at line 4
    [query] => SELECT t.*, fc.count_favourite FROM pm_freelancer_order t  LEFT JOIN (SELECT f.target_id, count(*) as count_favourite FROM pm_favourite as f WHERE f.target_type = 'order' GROUP BY f.target_id) as fc ON fc.target_id = t.id  JOIN pm_ydirect_geo_target geo ON
                                            t.`id` = geo.target_id and
                                            geo.target_type = 'order' and
                                            geo.geo_id IN (  )   WHERE 1=1  and t.`status`  =  'publish'  and t.master_id is NULL   ORDER BY  t.`fire` desc LIMIT 0, 5 
    [context] => /var/www/profimaster/framework/classes/engine/MapperORM.class.php line 194
)
 []
[2018-03-20 18:36:46] db_error.CRITICAL 8157 8121d11: SQL Error: You have an error in your SQL syntax; check the manual that corresponds to your MySQL server version for the right syntax to use near ')' at line 1 at /var/www/profimaster/framework/classes/engine/MapperORM.class.php line 194<br>
Array
(
    [code] => 1064
    [message] => You have an error in your SQL syntax; check the manual that corresponds to your MySQL server version for the right syntax to use near ')' at line 1
    [query] => SELECT t.* FROM pm_ydirect_geo t  WHERE 1=1  and t.`id` in (  )     
    [context] => /var/www/profimaster/framework/classes/engine/MapperORM.class.php line 194
)
 []
[2018-03-20 18:36:46] db_error.CRITICAL 8157 8121d11: SQL Error: You have an error in your SQL syntax; check the manual that corresponds to your MySQL server version for the right syntax to use near ')   WHERE 1=1  and t.`status`  =  'publish'  and t.master_id is NULL   ORDER BY ' at line 4 at /var/www/profimaster/framework/classes/engine/MapperORM.class.php line 194<br>
Array
(
    [code] => 1064
    [message] => You have an error in your SQL syntax; check the manual that corresponds to your MySQL server version for the right syntax to use near ')   WHERE 1=1  and t.`status`  =  'publish'  and t.master_id is NULL   ORDER BY ' at line 4
    [query] => SELECT t.*, fc.count_favourite FROM pm_freelancer_order t  LEFT JOIN (SELECT f.target_id, count(*) as count_favourite FROM pm_favourite as f WHERE f.target_type = 'order' GROUP BY f.target_id) as fc ON fc.target_id = t.id  JOIN pm_ydirect_geo_target geo ON
                                            t.`id` = geo.target_id and
                                            geo.target_type = 'order' and
                                            geo.geo_id IN (  )   WHERE 1=1  and t.`status`  =  'publish'  and t.master_id is NULL   ORDER BY  t.`fire` desc LIMIT 0, 5 
    [context] => /var/www/profimaster/framework/classes/engine/MapperORM.class.php line 194
)
 []
[2018-03-20 18:36:47] db_error.CRITICAL 6472 51e10fe: SQL Error: You have an error in your SQL syntax; check the manual that corresponds to your MySQL server version for the right syntax to use near ')' at line 1 at /var/www/profimaster/framework/classes/engine/MapperORM.class.php line 194<br>
Array
(
    [code] => 1064
    [message] => You have an error in your SQL syntax; check the manual that corresponds to your MySQL server version for the right syntax to use near ')' at line 1
    [query] => SELECT t.* FROM pm_ydirect_geo t  WHERE 1=1  and t.`id` in (  )     
    [context] => /var/www/profimaster/framework/classes/engine/MapperORM.class.php line 194
)
 []
[2018-03-20 18:36:47] db_error.CRITICAL 6472 51e10fe: SQL Error: You have an error in your SQL syntax; check the manual that corresponds to your MySQL server version for the right syntax to use near ')   WHERE 1=1  and t.`status`  =  'publish'  and t.master_id is NULL   ORDER BY ' at line 4 at /var/www/profimaster/framework/classes/engine/MapperORM.class.php line 194<br>
Array
(
    [code] => 1064
    [message] => You have an error in your SQL syntax; check the manual that corresponds to your MySQL server version for the right syntax to use near ')   WHERE 1=1  and t.`status`  =  'publish'  and t.master_id is NULL   ORDER BY ' at line 4
    [query] => SELECT t.*, fc.count_favourite FROM pm_freelancer_order t  LEFT JOIN (SELECT f.target_id, count(*) as count_favourite FROM pm_favourite as f WHERE f.target_type = 'order' GROUP BY f.target_id) as fc ON fc.target_id = t.id  JOIN pm_ydirect_geo_target geo ON
                                            t.`id` = geo.target_id and
                                            geo.target_type = 'order' and
                                            geo.geo_id IN (  )   WHERE 1=1  and t.`status`  =  'publish'  and t.master_id is NULL   ORDER BY  t.`fire` desc LIMIT 0, 5 
    [context] => /var/www/profimaster/framework/classes/engine/MapperORM.class.php line 194
)
 []
[2018-03-20 18:36:49] db_error.CRITICAL 6472 b9d6606: SQL Error: You have an error in your SQL syntax; check the manual that corresponds to your MySQL server version for the right syntax to use near ')' at line 1 at /var/www/profimaster/framework/classes/engine/MapperORM.class.php line 194<br>
Array
(
    [code] => 1064
    [message] => You have an error in your SQL syntax; check the manual that corresponds to your MySQL server version for the right syntax to use near ')' at line 1
    [query] => SELECT t.* FROM pm_ydirect_geo t  WHERE 1=1  and t.`id` in (  )     
    [context] => /var/www/profimaster/framework/classes/engine/MapperORM.class.php line 194
)
 []
[2018-03-20 18:36:49] db_error.CRITICAL 6472 b9d6606: SQL Error: You have an error in your SQL syntax; check the manual that corresponds to your MySQL server version for the right syntax to use near ')   WHERE 1=1  and t.`status`  =  'publish'  and t.master_id is NULL   ORDER BY ' at line 4 at /var/www/profimaster/framework/classes/engine/MapperORM.class.php line 194<br>
Array
(
    [code] => 1064
    [message] => You have an error in your SQL syntax; check the manual that corresponds to your MySQL server version for the right syntax to use near ')   WHERE 1=1  and t.`status`  =  'publish'  and t.master_id is NULL   ORDER BY ' at line 4
    [query] => SELECT t.*, fc.count_favourite FROM pm_freelancer_order t  LEFT JOIN (SELECT f.target_id, count(*) as count_favourite FROM pm_favourite as f WHERE f.target_type = 'order' GROUP BY f.target_id) as fc ON fc.target_id = t.id  JOIN pm_ydirect_geo_target geo ON
                                            t.`id` = geo.target_id and
                                            geo.target_type = 'order' and
                                            geo.geo_id IN (  )   WHERE 1=1  and t.`status`  =  'publish'  and t.master_id is NULL   ORDER BY  t.`fire` desc LIMIT 0, 5 
    [context] => /var/www/profimaster/framework/classes/engine/MapperORM.class.php line 194
)
 []
[2018-03-21 13:16:48] db_error.CRITICAL 2088 8f8b264: SQL Error: You have an error in your SQL syntax; check the manual that corresponds to your MySQL server version for the right syntax to use near ')' at line 1 at /var/www/profimaster/framework/classes/engine/MapperORM.class.php line 194<br>
Array
(
    [code] => 1064
    [message] => You have an error in your SQL syntax; check the manual that corresponds to your MySQL server version for the right syntax to use near ')' at line 1
    [query] => SELECT t.* FROM pm_ydirect_geo t  WHERE 1=1  and t.`id` in (  )     
    [context] => /var/www/profimaster/framework/classes/engine/MapperORM.class.php line 194
)
 []
[2018-03-21 13:16:48] db_error.CRITICAL 2088 8f8b264: SQL Error: You have an error in your SQL syntax; check the manual that corresponds to your MySQL server version for the right syntax to use near ')   WHERE 1=1  and t.`status`  =  'publish'  and t.master_id is NULL   ORDER BY ' at line 4 at /var/www/profimaster/framework/classes/engine/MapperORM.class.php line 194<br>
Array
(
    [code] => 1064
    [message] => You have an error in your SQL syntax; check the manual that corresponds to your MySQL server version for the right syntax to use near ')   WHERE 1=1  and t.`status`  =  'publish'  and t.master_id is NULL   ORDER BY ' at line 4
    [query] => SELECT t.*, fc.count_favourite FROM pm_freelancer_order t  LEFT JOIN (SELECT f.target_id, count(*) as count_favourite FROM pm_favourite as f WHERE f.target_type = 'order' GROUP BY f.target_id) as fc ON fc.target_id = t.id  JOIN pm_ydirect_geo_target geo ON
                                            t.`id` = geo.target_id and
                                            geo.target_type = 'order' and
                                            geo.geo_id IN (  )   WHERE 1=1  and t.`status`  =  'publish'  and t.master_id is NULL   ORDER BY  t.`fire` desc LIMIT 0, 5 
    [context] => /var/www/profimaster/framework/classes/engine/MapperORM.class.php line 194
)
 []
[2018-03-21 13:18:36] db_error.CRITICAL 4682 fd321e7: SQL Error: You have an error in your SQL syntax; check the manual that corresponds to your MySQL server version for the right syntax to use near ')' at line 1 at /var/www/profimaster/framework/classes/engine/MapperORM.class.php line 194<br>
Array
(
    [code] => 1064
    [message] => You have an error in your SQL syntax; check the manual that corresponds to your MySQL server version for the right syntax to use near ')' at line 1
    [query] => SELECT t.* FROM pm_ydirect_geo t  WHERE 1=1  and t.`id` in (  )     
    [context] => /var/www/profimaster/framework/classes/engine/MapperORM.class.php line 194
)
 []
[2018-03-21 13:18:36] db_error.CRITICAL 4682 fd321e7: SQL Error: You have an error in your SQL syntax; check the manual that corresponds to your MySQL server version for the right syntax to use near ')   WHERE 1=1  and t.`status`  =  'publish'  and t.master_id is NULL   ORDER BY ' at line 4 at /var/www/profimaster/framework/classes/engine/MapperORM.class.php line 194<br>
Array
(
    [code] => 1064
    [message] => You have an error in your SQL syntax; check the manual that corresponds to your MySQL server version for the right syntax to use near ')   WHERE 1=1  and t.`status`  =  'publish'  and t.master_id is NULL   ORDER BY ' at line 4
    [query] => SELECT t.*, fc.count_favourite FROM pm_freelancer_order t  LEFT JOIN (SELECT f.target_id, count(*) as count_favourite FROM pm_favourite as f WHERE f.target_type = 'order' GROUP BY f.target_id) as fc ON fc.target_id = t.id  JOIN pm_ydirect_geo_target geo ON
                                            t.`id` = geo.target_id and
                                            geo.target_type = 'order' and
                                            geo.geo_id IN (  )   WHERE 1=1  and t.`status`  =  'publish'  and t.master_id is NULL   ORDER BY  t.`fire` desc LIMIT 0, 5 
    [context] => /var/www/profimaster/framework/classes/engine/MapperORM.class.php line 194
)
 []
